Arguments: 
  /Users/sakai/.anyenv/envs/nodenv/versions/14.4.0/bin/node /Users/sakai/.anyenv/envs/nodenv/versions/14.4.0/bin/yarn add @types/use-media

PATH: 
  /Users/sakai/.anyenv/envs/nodenv/versions/14.4.0/bin:/Users/sakai/.anyenv/envs/nodenv/libexec:/Users/sakai/.anyenv/envs/nodenv/plugins/nodenv-vars/bin:/Users/sakai/.anyenv/envs/nodenv/plugins/nodenv-default-packages/bin:/Users/sakai/.anyenv/envs/nodenv/plugins/node-build/bin:/use/local/bin/git:/usr/local/opt/mysql/bin:/Users/sakai/.rbenv/shims:/Users/sakai/.rbenv/bin:/Users/sakai/.anyenv/envs/nodenv/shims:/Users/sakai/.anyenv/envs/nodenv/bin:/usr/local/bin:/usr/bin:/bin:/usr/sbin:/sbin:/use/local/bin/git:/usr/local/opt/mysql/bin:/Users/sakai/.rbenv/shims:/Users/sakai/.rbenv/bin:/Users/sakai/.anyenv/envs/nodenv/shims:/Users/sakai/.anyenv/envs/nodenv/bin

Yarn version: 
  1.22.10

Node version: 
  14.4.0

Platform: 
  darwin x64

Trace: 
  Error: https://registry.yarnpkg.com/@types%2fuse-media: Not found
      at Request.params.callback [as _callback] (/Users/sakai/.anyenv/envs/nodenv/versions/14.4.0/lib/node_modules/yarn/lib/cli.js:66988:18)
      at Request.self.callback (/Users/sakai/.anyenv/envs/nodenv/versions/14.4.0/lib/node_modules/yarn/lib/cli.js:140662:22)
      at Request.emit (events.js:315:20)
      at Request.<anonymous> (/Users/sakai/.anyenv/envs/nodenv/versions/14.4.0/lib/node_modules/yarn/lib/cli.js:141634:10)
      at Request.emit (events.js:315:20)
      at IncomingMessage.<anonymous> (/Users/sakai/.anyenv/envs/nodenv/versions/14.4.0/lib/node_modules/yarn/lib/cli.js:141556:12)
      at Object.onceWrapper (events.js:421:28)
      at IncomingMessage.emit (events.js:327:22)
      at endReadableNT (_stream_readable.js:1224:12)
      at processTicksAndRejections (internal/process/task_queues.js:84:21)

npm manifest: 
  {
    "dependencies": {
      "use-media": "^1.4.0"
    }
  }

yarn manifest: 
  No manifest

Lockfile: 
  # THIS IS AN AUTOGENERATED FILE. DO NOT EDIT THIS FILE DIRECTLY.
  # yarn lockfile v1
  
  
  use-media@^1.4.0:
    version "1.4.0"
    resolved "https://registry.yarnpkg.com/use-media/-/use-media-1.4.0.tgz#e777bf1f382a7aacabbd1f9ce3da2b62e58b2a98"
    integrity sha512-XsgyUAf3nhzZmEfhc5MqLHwyaPjs78bgytpVJ/xDl0TF4Bptf3vEpBNBBT/EIKOmsOc8UbuECq3mrP3mt1QANA==
